STARTED @ 14:24:08
[INFO] No /Applications/MAMP/htdocs/html5course/2/slides/build/vars.json file found
malta v.1.0.10
[14:24:8]
wrote /Applications/MAMP/htdocs/html5course/2/slides/index.html (45.12 KB)
in 20ms
---------------------------
watching 3 files
[14:25:57]
wrote /Applications/MAMP/htdocs/html5course/2/slides/index.html (3.10 KB)
in 3ms
---------------------------
watching 5 files
[14:27:38]
wrote /Applications/MAMP/htdocs/html5course/2/slides/index.html (3.85 KB)
in 3ms
---------------------------
watching 6 files
[14:28:3]
wrote /Applications/MAMP/htdocs/html5course/2/slides/index.html (3.91 KB)
in 3ms
---------------------------
watching 6 files
[14:28:29]
wrote /Applications/MAMP/htdocs/html5course/2/slides/index.html (4.72 KB)
in 5ms
---------------------------
watching 6 files
[14:29:12]
wrote /Applications/MAMP/htdocs/html5course/2/slides/index.html (4.59 KB)
in 5ms
---------------------------
watching 6 files
[14:29:20]
wrote /Applications/MAMP/htdocs/html5course/2/slides/index.html (4.62 KB)
in 5ms
---------------------------
watching 6 files
[14:29:28]
wrote /Applications/MAMP/htdocs/html5course/2/slides/index.html (4.72 KB)
in 4ms
---------------------------
watching 6 files
[14:30:17]
wrote /Applications/MAMP/htdocs/html5course/2/slides/index.html (4.72 KB)
in 4ms
---------------------------
watching 6 files
[14:34:4]
wrote /Applications/MAMP/htdocs/html5course/2/slides/index.html (4.70 KB)
in 6ms
---------------------------
watching 6 files
[14:35:5]
wrote /Applications/MAMP/htdocs/html5course/2/slides/index.html (4.77 KB)
in 5ms
---------------------------
watching 6 files
[14:35:10]
wrote /Applications/MAMP/htdocs/html5course/2/slides/index.html (4.77 KB)
in 4ms
---------------------------
watching 6 files
[14:35:16]
wrote /Applications/MAMP/htdocs/html5course/2/slides/index.html (4.77 KB)
in 4ms
---------------------------
watching 6 files
[14:36:55]
wrote /Applications/MAMP/htdocs/html5course/2/slides/index.html (4.91 KB)
in 6ms
---------------------------
watching 6 files
[14:41:13]
wrote /Applications/MAMP/htdocs/html5course/2/slides/index.html (5.98 KB)
in 4ms
---------------------------
watching 7 files
[14:54:4]
wrote /Applications/MAMP/htdocs/html5course/2/slides/index.html (6.03 KB)
in 4ms
---------------------------
watching 7 files
[14:55:5]
wrote /Applications/MAMP/htdocs/html5course/2/slides/index.html (6.03 KB)
in 2ms
---------------------------
watching 7 files
[14:55:19]
wrote /Applications/MAMP/htdocs/html5course/2/slides/index.html (6.03 KB)
in 4ms
---------------------------
watching 7 files
[14:58:6]
wrote /Applications/MAMP/htdocs/html5course/2/slides/index.html (6.31 KB)
in 4ms
---------------------------
watching 8 files
[WARNING] missing file /Applications/MAMP/htdocs/html5course/2/slides/build/slides/2.html
[15:6:32]
wrote /Applications/MAMP/htdocs/html5course/2/slides/index.html (2.69 KB)
in 2ms
---------------------------
watching 4 files
[15:6:39]
wrote /Applications/MAMP/htdocs/html5course/2/slides/index.html (2.67 KB)
in 5ms
---------------------------
watching 5 files
[15:6:40]
wrote /Applications/MAMP/htdocs/html5course/2/slides/index.html (2.67 KB)
in 5ms
---------------------------
watching 5 files
[15:7:56]
wrote /Applications/MAMP/htdocs/html5course/2/slides/index.html (2.67 KB)
in 3ms
---------------------------
watching 5 files
[15:38:18]
wrote /Applications/MAMP/htdocs/html5course/2/slides/index.html (2.74 KB)
in 3ms
---------------------------
watching 5 files
[15:39:39]
wrote /Applications/MAMP/htdocs/html5course/2/slides/index.html (3.57 KB)
in 4ms
---------------------------
watching 5 files
[15:41:5]
wrote /Applications/MAMP/htdocs/html5course/2/slides/index.html (3.52 KB)
in 3ms
---------------------------
watching 5 files
[15:41:14]
wrote /Applications/MAMP/htdocs/html5course/2/slides/index.html (3.57 KB)
in 6ms
---------------------------
watching 5 files
[15:42:52]
wrote /Applications/MAMP/htdocs/html5course/2/slides/index.html (3.57 KB)
in 4ms
---------------------------
watching 5 files
[15:46:54]
wrote /Applications/MAMP/htdocs/html5course/2/slides/index.html (3.58 KB)
in 4ms
---------------------------
watching 5 files
[15:51:57]
wrote /Applications/MAMP/htdocs/html5course/2/slides/index.html (3.52 KB)
in 3ms
---------------------------
watching 5 files
[15:52:4]
wrote /Applications/MAMP/htdocs/html5course/2/slides/index.html (3.58 KB)
in 3ms
---------------------------
watching 5 files
[15:52:7]
wrote /Applications/MAMP/htdocs/html5course/2/slides/index.html (3.52 KB)
in 8ms
---------------------------
watching 5 files
[15:52:13]
wrote /Applications/MAMP/htdocs/html5course/2/slides/index.html (3.58 KB)
in 4ms
---------------------------
watching 5 files
[15:52:45]
wrote /Applications/MAMP/htdocs/html5course/2/slides/index.html (3.60 KB)
in 5ms
---------------------------
watching 5 files
[15:54:21]
wrote /Applications/MAMP/htdocs/html5course/2/slides/index.html (3.60 KB)
in 6ms
---------------------------
watching 5 files
[15:54:22]
wrote /Applications/MAMP/htdocs/html5course/2/slides/index.html (3.60 KB)
in 4ms
---------------------------
watching 5 files
[15:57:21]
wrote /Applications/MAMP/htdocs/html5course/2/slides/index.html (4.62 KB)
in 3ms
---------------------------
watching 5 files
[15:58:17]
wrote /Applications/MAMP/htdocs/html5course/2/slides/index.html (4.19 KB)
in 5ms
---------------------------
watching 5 files
[15:59:25]
wrote /Applications/MAMP/htdocs/html5course/2/slides/index.html (4.11 KB)
in 4ms
---------------------------
watching 5 files
[16:0:28]
wrote /Applications/MAMP/htdocs/html5course/2/slides/index.html (4.10 KB)
in 4ms
---------------------------
watching 5 files
[16:0:54]
wrote /Applications/MAMP/htdocs/html5course/2/slides/index.html (4.11 KB)
in 4ms
---------------------------
watching 5 files
[16:1:25]
wrote /Applications/MAMP/htdocs/html5course/2/slides/index.html (4.20 KB)
in 8ms
---------------------------
watching 5 files
[16:1:40]
wrote /Applications/MAMP/htdocs/html5course/2/slides/index.html (4.20 KB)
in 5ms
---------------------------
watching 5 files
[16:1:55]
wrote /Applications/MAMP/htdocs/html5course/2/slides/index.html (4.21 KB)
in 5ms
---------------------------
watching 5 files
[16:2:7]
wrote /Applications/MAMP/htdocs/html5course/2/slides/index.html (4.21 KB)
in 7ms
---------------------------
watching 5 files
[16:2:30]
wrote /Applications/MAMP/htdocs/html5course/2/slides/index.html (4.11 KB)
in 5ms
---------------------------
watching 5 files
[16:3:39]
wrote /Applications/MAMP/htdocs/html5course/2/slides/index.html (4.03 KB)
in 4ms
---------------------------
watching 5 files
[16:19:21]
wrote /Applications/MAMP/htdocs/html5course/2/slides/index.html (4.07 KB)
in 5ms
---------------------------
watching 5 files
[16:19:41]
wrote /Applications/MAMP/htdocs/html5course/2/slides/index.html (3.98 KB)
in 4ms
---------------------------
watching 5 files
[16:20:21]
wrote /Applications/MAMP/htdocs/html5course/2/slides/index.html (3.98 KB)
in 3ms
---------------------------
watching 5 files
[16:21:20]
wrote /Applications/MAMP/htdocs/html5course/2/slides/index.html (3.83 KB)
in 4ms
---------------------------
watching 5 files
[16:22:5]
wrote /Applications/MAMP/htdocs/html5course/2/slides/index.html (3.89 KB)
in 4ms
---------------------------
watching 5 files
[16:22:15]
wrote /Applications/MAMP/htdocs/html5course/2/slides/index.html (3.47 KB)
in 4ms
---------------------------
watching 5 files
[16:23:32]
wrote /Applications/MAMP/htdocs/html5course/2/slides/index.html (3.54 KB)
in 4ms
---------------------------
watching 5 files
[16:23:54]
wrote /Applications/MAMP/htdocs/html5course/2/slides/index.html (3.59 KB)
in 4ms
---------------------------
watching 5 files
[16:25:16]
wrote /Applications/MAMP/htdocs/html5course/2/slides/index.html (3.71 KB)
in 5ms
---------------------------
watching 5 files
[16:25:34]
wrote /Applications/MAMP/htdocs/html5course/2/slides/index.html (3.73 KB)
in 6ms
---------------------------
watching 5 files
[16:25:43]
wrote /Applications/MAMP/htdocs/html5course/2/slides/index.html (3.73 KB)
in 4ms
---------------------------
watching 5 files
[16:25:56]
wrote /Applications/MAMP/htdocs/html5course/2/slides/index.html (3.78 KB)
in 5ms
---------------------------
watching 5 files
[16:28:10]
wrote /Applications/MAMP/htdocs/html5course/2/slides/index.html (4.52 KB)
in 6ms
---------------------------
watching 5 files
[16:29:9]
wrote /Applications/MAMP/htdocs/html5course/2/slides/index.html (3.33 KB)
in 4ms
---------------------------
watching 5 files
[16:29:31]
wrote /Applications/MAMP/htdocs/html5course/2/slides/index.html (3.36 KB)
in 5ms
---------------------------
watching 5 files
[16:29:43]
wrote /Applications/MAMP/htdocs/html5course/2/slides/index.html (3.35 KB)
in 5ms
---------------------------
watching 5 files
[16:29:52]
wrote /Applications/MAMP/htdocs/html5course/2/slides/index.html (3.35 KB)
in 4ms
---------------------------
watching 5 files
[16:33:22]
wrote /Applications/MAMP/htdocs/html5course/2/slides/index.html (3.36 KB)
in 6ms
---------------------------
watching 5 files
[16:33:47]
wrote /Applications/MAMP/htdocs/html5course/2/slides/index.html (3.37 KB)
in 4ms
---------------------------
watching 5 files
[16:34:0]
wrote /Applications/MAMP/htdocs/html5course/2/slides/index.html (3.37 KB)
in 4ms
---------------------------
watching 5 files
[16:34:28]
wrote /Applications/MAMP/htdocs/html5course/2/slides/index.html (3.56 KB)
in 5ms
---------------------------
watching 5 files
[16:34:48]
wrote /Applications/MAMP/htdocs/html5course/2/slides/index.html (3.54 KB)
in 5ms
---------------------------
watching 5 files
[16:36:52]
wrote /Applications/MAMP/htdocs/html5course/2/slides/index.html (3.71 KB)
in 5ms
---------------------------
watching 5 files
[16:37:11]
wrote /Applications/MAMP/htdocs/html5course/2/slides/index.html (3.68 KB)
in 4ms
---------------------------
watching 5 files
[16:37:30]
wrote /Applications/MAMP/htdocs/html5course/2/slides/index.html (3.67 KB)
in 4ms
---------------------------
watching 5 files
[16:39:11]
wrote /Applications/MAMP/htdocs/html5course/2/slides/index.html (5.85 KB)
in 6ms
---------------------------
watching 5 files
[16:40:0]
wrote /Applications/MAMP/htdocs/html5course/2/slides/index.html (5.85 KB)
in 5ms
---------------------------
watching 5 files
[16:40:11]
wrote /Applications/MAMP/htdocs/html5course/2/slides/index.html (5.81 KB)
in 4ms
---------------------------
watching 5 files
[16:41:49]
wrote /Applications/MAMP/htdocs/html5course/2/slides/index.html (6.27 KB)
in 6ms
---------------------------
watching 5 files
[16:42:21]
wrote /Applications/MAMP/htdocs/html5course/2/slides/index.html (6.29 KB)
in 6ms
---------------------------
watching 5 files
[16:42:36]
wrote /Applications/MAMP/htdocs/html5course/2/slides/index.html (6.32 KB)
in 3ms
---------------------------
watching 5 files
[16:42:41]
wrote /Applications/MAMP/htdocs/html5course/2/slides/index.html (6.32 KB)
in 4ms
---------------------------
watching 5 files
[16:43:18]
wrote /Applications/MAMP/htdocs/html5course/2/slides/index.html (6.31 KB)
in 7ms
---------------------------
watching 5 files
[16:43:35]
wrote /Applications/MAMP/htdocs/html5course/2/slides/index.html (6.33 KB)
in 5ms
---------------------------
watching 5 files
[16:44:17]
wrote /Applications/MAMP/htdocs/html5course/2/slides/index.html (6.37 KB)
in 6ms
---------------------------
watching 5 files
[16:44:46]
wrote /Applications/MAMP/htdocs/html5course/2/slides/index.html (6.41 KB)
in 5ms
---------------------------
watching 5 files
[16:45:30]
wrote /Applications/MAMP/htdocs/html5course/2/slides/index.html (6.42 KB)
in 8ms
---------------------------
watching 5 files
[16:47:26]
wrote /Applications/MAMP/htdocs/html5course/2/slides/index.html (6.45 KB)
in 6ms
---------------------------
watching 5 files
[16:47:43]
wrote /Applications/MAMP/htdocs/html5course/2/slides/index.html (6.46 KB)
in 5ms
---------------------------
watching 5 files
[16:49:2]
wrote /Applications/MAMP/htdocs/html5course/2/slides/index.html (6.47 KB)
in 4ms
---------------------------
watching 5 files
[16:51:31]
wrote /Applications/MAMP/htdocs/html5course/2/slides/index.html (6.50 KB)
in 5ms
---------------------------
watching 5 files
[16:53:25]
wrote /Applications/MAMP/htdocs/html5course/2/slides/index.html (6.50 KB)
in 4ms
---------------------------
watching 5 files
[16:53:43]
wrote /Applications/MAMP/htdocs/html5course/2/slides/index.html (6.50 KB)
in 5ms
---------------------------
watching 5 files
[16:54:1]
wrote /Applications/MAMP/htdocs/html5course/2/slides/index.html (6.50 KB)
in 6ms
---------------------------
watching 5 files
[16:54:5]
wrote /Applications/MAMP/htdocs/html5course/2/slides/index.html (6.50 KB)
in 5ms
---------------------------
watching 5 files
[16:54:21]
wrote /Applications/MAMP/htdocs/html5course/2/slides/index.html (7.72 KB)
in 4ms
---------------------------
watching 6 files
[16:56:8]
wrote /Applications/MAMP/htdocs/html5course/2/slides/index.html (7.72 KB)
in 5ms
---------------------------
watching 6 files
[16:56:37]
wrote /Applications/MAMP/htdocs/html5course/2/slides/index.html (7.72 KB)
in 5ms
---------------------------
watching 6 files
[16:57:15]
wrote /Applications/MAMP/htdocs/html5course/2/slides/index.html (7.78 KB)
in 5ms
---------------------------
watching 6 files
[16:57:17]
wrote /Applications/MAMP/htdocs/html5course/2/slides/index.html (7.77 KB)
in 5ms
---------------------------
watching 6 files
[16:57:32]
wrote /Applications/MAMP/htdocs/html5course/2/slides/index.html (7.77 KB)
in 9ms
---------------------------
watching 6 files
[16:59:9]
wrote /Applications/MAMP/htdocs/html5course/2/slides/index.html (7.67 KB)
in 4ms
---------------------------
watching 6 files
[16:59:11]
wrote /Applications/MAMP/htdocs/html5course/2/slides/index.html (7.65 KB)
in 5ms
---------------------------
watching 6 files
[16:59:13]
wrote /Applications/MAMP/htdocs/html5course/2/slides/index.html (7.64 KB)
in 6ms
---------------------------
watching 6 files
[16:59:15]
wrote /Applications/MAMP/htdocs/html5course/2/slides/index.html (7.63 KB)
in 5ms
---------------------------
watching 6 files
[16:59:19]
wrote /Applications/MAMP/htdocs/html5course/2/slides/index.html (7.63 KB)
in 6ms
---------------------------
watching 6 files
[17:0:6]
wrote /Applications/MAMP/htdocs/html5course/2/slides/index.html (7.61 KB)
in 6ms
---------------------------
watching 6 files
[17:0:29]
wrote /Applications/MAMP/htdocs/html5course/2/slides/index.html (7.63 KB)
in 6ms
---------------------------
watching 6 files
[17:0:39]
wrote /Applications/MAMP/htdocs/html5course/2/slides/index.html (7.61 KB)
in 8ms
---------------------------
watching 6 files
[17:1:13]
wrote /Applications/MAMP/htdocs/html5course/2/slides/index.html (7.61 KB)
in 5ms
---------------------------
watching 6 files
[17:1:18]
wrote /Applications/MAMP/htdocs/html5course/2/slides/index.html (7.61 KB)
in 6ms
---------------------------
watching 6 files
[WARNING] missing file /Applications/MAMP/htdocs/html5course/2/slides/build/slides/slides/color.html
[WARNING] missing file /Applications/MAMP/htdocs/html5course/2/slides/build/slides/slides/4.html
[WARNING] missing file /Applications/MAMP/htdocs/html5course/2/slides/build/slides/slides/5.html
[WARNING] missing file /Applications/MAMP/htdocs/html5course/2/slides/build/slides/slides/6.html
[WARNING] missing file /Applications/MAMP/htdocs/html5course/2/slides/build/slides/slides/7.html
[WARNING] missing file /Applications/MAMP/htdocs/html5course/2/slides/build/slides/slides/8.html
[WARNING] missing file /Applications/MAMP/htdocs/html5course/2/slides/build/slides/slides/9.html
[WARNING] missing file /Applications/MAMP/htdocs/html5course/2/slides/build/slides/slides/.html
[WARNING] missing file /Applications/MAMP/htdocs/html5course/2/slides/build/slides/slides/3.html
[WARNING] missing file /Applications/MAMP/htdocs/html5course/2/slides/build/slides/slides/3.html
[WARNING] missing file /Applications/MAMP/htdocs/html5course/2/slides/build/slides/slides/3.html
[17:3:32]
wrote /Applications/MAMP/htdocs/html5course/2/slides/index.html (6.85 KB)
in 5ms
---------------------------
watching 5 files
[WARNING] missing file /Applications/MAMP/htdocs/html5course/2/slides/build/slides/slides/tags/color.html
[WARNING] missing file /Applications/MAMP/htdocs/html5course/2/slides/build/slides/slides/tags/date.html
[WARNING] missing file /Applications/MAMP/htdocs/html5course/2/slides/build/slides/slides/tags/datetime.html
[WARNING] missing file /Applications/MAMP/htdocs/html5course/2/slides/build/slides/slides/tags/datetime-local.html
[WARNING] missing file /Applications/MAMP/htdocs/html5course/2/slides/build/slides/slides/tags/email.html
[WARNING] missing file /Applications/MAMP/htdocs/html5course/2/slides/build/slides/slides/tags/month.html
[WARNING] missing file /Applications/MAMP/htdocs/html5course/2/slides/build/slides/slides/tags/number.html
[WARNING] missing file /Applications/MAMP/htdocs/html5course/2/slides/build/slides/slides/tags/range.html
[WARNING] missing file /Applications/MAMP/htdocs/html5course/2/slides/build/slides/slides/tags/search.html
[WARNING] missing file /Applications/MAMP/htdocs/html5course/2/slides/build/slides/slides/tags/tel.html
[WARNING] missing file /Applications/MAMP/htdocs/html5course/2/slides/build/slides/slides/tags/time.html
[WARNING] missing file /Applications/MAMP/htdocs/html5course/2/slides/build/slides/slides/tags/url.html
[WARNING] missing file /Applications/MAMP/htdocs/html5course/2/slides/build/slides/slides/tags/week.html
[17:8:22]
wrote /Applications/MAMP/htdocs/html5course/2/slides/index.html (7.04 KB)
in 5ms
---------------------------
watching 5 files
[17:8:48]
wrote /Applications/MAMP/htdocs/html5course/2/slides/index.html (7.76 KB)
in 7ms
---------------------------
watching 18 files
[17:9:13]
wrote /Applications/MAMP/htdocs/html5course/2/slides/index.html (8.86 KB)
in 6ms
---------------------------
watching 18 files
[17:9:16]
wrote /Applications/MAMP/htdocs/html5course/2/slides/index.html (9.95 KB)
in 8ms
---------------------------
watching 18 files
[17:9:19]
wrote /Applications/MAMP/htdocs/html5course/2/slides/index.html (11.05 KB)
in 8ms
---------------------------
watching 18 files
[17:9:21]
wrote /Applications/MAMP/htdocs/html5course/2/slides/index.html (12.15 KB)
in 9ms
---------------------------
watching 18 files
[17:9:24]
wrote /Applications/MAMP/htdocs/html5course/2/slides/index.html (13.25 KB)
in 10ms
---------------------------
watching 18 files
[17:9:27]
wrote /Applications/MAMP/htdocs/html5course/2/slides/index.html (14.34 KB)
in 9ms
---------------------------
watching 18 files
[17:9:29]
wrote /Applications/MAMP/htdocs/html5course/2/slides/index.html (15.44 KB)
in 10ms
---------------------------
watching 18 files
[17:9:32]
wrote /Applications/MAMP/htdocs/html5course/2/slides/index.html (16.54 KB)
in 10ms
---------------------------
watching 18 files
[17:9:35]
wrote /Applications/MAMP/htdocs/html5course/2/slides/index.html (17.64 KB)
in 9ms
---------------------------
watching 18 files
[17:9:38]
wrote /Applications/MAMP/htdocs/html5course/2/slides/index.html (18.73 KB)
in 9ms
---------------------------
watching 18 files
[17:9:40]
wrote /Applications/MAMP/htdocs/html5course/2/slides/index.html (19.83 KB)
in 10ms
---------------------------
watching 18 files
[17:9:43]
wrote /Applications/MAMP/htdocs/html5course/2/slides/index.html (20.93 KB)
in 11ms
---------------------------
watching 18 files
[17:10:33]
wrote /Applications/MAMP/htdocs/html5course/2/slides/index.html (20.93 KB)
in 13ms
---------------------------
watching 18 files
[17:10:45]
wrote /Applications/MAMP/htdocs/html5course/2/slides/index.html (20.94 KB)
in 12ms
---------------------------
watching 18 files
[17:10:54]
wrote /Applications/MAMP/htdocs/html5course/2/slides/index.html (20.94 KB)
in 12ms
---------------------------
watching 18 files
[17:11:1]
wrote /Applications/MAMP/htdocs/html5course/2/slides/index.html (20.94 KB)
in 12ms
---------------------------
watching 18 files
[17:11:8]
wrote /Applications/MAMP/htdocs/html5course/2/slides/index.html (20.94 KB)
in 17ms
---------------------------
watching 18 files
[17:11:15]
wrote /Applications/MAMP/htdocs/html5course/2/slides/index.html (20.94 KB)
in 15ms
---------------------------
watching 18 files
[17:11:22]
wrote /Applications/MAMP/htdocs/html5course/2/slides/index.html (20.94 KB)
in 16ms
---------------------------
watching 18 files
[17:11:29]
wrote /Applications/MAMP/htdocs/html5course/2/slides/index.html (20.94 KB)
in 13ms
---------------------------
watching 18 files
[17:11:35]
wrote /Applications/MAMP/htdocs/html5course/2/slides/index.html (20.94 KB)
in 16ms
---------------------------
watching 18 files
[17:11:44]
wrote /Applications/MAMP/htdocs/html5course/2/slides/index.html (20.94 KB)
in 14ms
---------------------------
watching 18 files
[17:11:49]
wrote /Applications/MAMP/htdocs/html5course/2/slides/index.html (20.94 KB)
in 14ms
---------------------------
watching 18 files
[17:12:15]
wrote /Applications/MAMP/htdocs/html5course/2/slides/index.html (20.94 KB)
in 6ms
---------------------------
watching 18 files
[17:12:23]
wrote /Applications/MAMP/htdocs/html5course/2/slides/index.html (20.94 KB)
in 12ms
---------------------------
watching 18 files
[17:13:2]
wrote /Applications/MAMP/htdocs/html5course/2/slides/index.html (20.95 KB)
in 10ms
---------------------------
watching 18 files
[17:13:44]
wrote /Applications/MAMP/htdocs/html5course/2/slides/index.html (20.95 KB)
in 12ms
---------------------------
watching 18 files
[17:13:48]
wrote /Applications/MAMP/htdocs/html5course/2/slides/index.html (20.95 KB)
in 10ms
---------------------------
watching 18 files
[17:14:13]
wrote /Applications/MAMP/htdocs/html5course/2/slides/index.html (20.96 KB)
in 12ms
---------------------------
watching 18 files
[17:14:14]
wrote /Applications/MAMP/htdocs/html5course/2/slides/index.html (20.96 KB)
in 11ms
---------------------------
watching 18 files
[17:15:46]
wrote /Applications/MAMP/htdocs/html5course/2/slides/index.html (20.96 KB)
in 9ms
---------------------------
watching 18 files
[17:16:15]
wrote /Applications/MAMP/htdocs/html5course/2/slides/index.html (20.99 KB)
in 11ms
---------------------------
watching 18 files
[17:16:19]
wrote /Applications/MAMP/htdocs/html5course/2/slides/index.html (20.99 KB)
in 13ms
---------------------------
watching 18 files
[17:18:12]
wrote /Applications/MAMP/htdocs/html5course/2/slides/index.html (20.99 KB)
in 12ms
---------------------------
watching 18 files
[17:18:35]
wrote /Applications/MAMP/htdocs/html5course/2/slides/index.html (21.03 KB)
in 14ms
---------------------------
watching 18 files
[17:18:42]
wrote /Applications/MAMP/htdocs/html5course/2/slides/index.html (21.04 KB)
in 10ms
---------------------------
watching 18 files
[17:18:46]
wrote /Applications/MAMP/htdocs/html5course/2/slides/index.html (21.04 KB)
in 10ms
---------------------------
watching 18 files
[17:19:27]
wrote /Applications/MAMP/htdocs/html5course/2/slides/index.html (21.06 KB)
in 18ms
---------------------------
watching 18 files
[17:19:31]
wrote /Applications/MAMP/htdocs/html5course/2/slides/index.html (21.06 KB)
in 12ms
---------------------------
watching 18 files
[17:20:38]
wrote /Applications/MAMP/htdocs/html5course/2/slides/index.html (21.06 KB)
in 11ms
---------------------------
watching 18 files
[17:21:6]
wrote /Applications/MAMP/htdocs/html5course/2/slides/index.html (21.07 KB)
in 11ms
---------------------------
watching 18 files
[17:21:10]
wrote /Applications/MAMP/htdocs/html5course/2/slides/index.html (21.07 KB)
in 12ms
---------------------------
watching 18 files
[17:21:35]
wrote /Applications/MAMP/htdocs/html5course/2/slides/index.html (21.07 KB)
in 10ms
---------------------------
watching 18 files
[17:22:13]
wrote /Applications/MAMP/htdocs/html5course/2/slides/index.html (21.11 KB)
in 10ms
---------------------------
watching 18 files
[17:22:16]
wrote /Applications/MAMP/htdocs/html5course/2/slides/index.html (21.11 KB)
in 11ms
---------------------------
watching 18 files
[17:22:17]
wrote /Applications/MAMP/htdocs/html5course/2/slides/index.html (21.11 KB)
in 10ms
---------------------------
watching 18 files
[17:22:18]
wrote /Applications/MAMP/htdocs/html5course/2/slides/index.html (21.11 KB)
in 12ms
---------------------------
watching 18 files
[17:22:48]
wrote /Applications/MAMP/htdocs/html5course/2/slides/index.html (21.11 KB)
in 10ms
---------------------------
watching 18 files
[17:23:32]
wrote /Applications/MAMP/htdocs/html5course/2/slides/index.html (21.12 KB)
in 12ms
---------------------------
watching 18 files
[17:23:39]
wrote /Applications/MAMP/htdocs/html5course/2/slides/index.html (21.12 KB)
in 13ms
---------------------------
watching 18 files
[17:24:20]
wrote /Applications/MAMP/htdocs/html5course/2/slides/index.html (21.15 KB)
in 9ms
---------------------------
watching 18 files
[17:24:26]
wrote /Applications/MAMP/htdocs/html5course/2/slides/index.html (21.17 KB)
in 12ms
---------------------------
watching 18 files
[17:24:50]
wrote /Applications/MAMP/htdocs/html5course/2/slides/index.html (21.17 KB)
in 10ms
---------------------------
watching 18 files
[17:25:0]
wrote /Applications/MAMP/htdocs/html5course/2/slides/index.html (21.17 KB)
in 13ms
---------------------------
watching 18 files
[17:25:10]
wrote /Applications/MAMP/htdocs/html5course/2/slides/index.html (21.17 KB)
in 11ms
---------------------------
watching 18 files
[17:26:33]
wrote /Applications/MAMP/htdocs/html5course/2/slides/index.html (21.17 KB)
in 12ms
---------------------------
watching 18 files
[17:30:18]
wrote /Applications/MAMP/htdocs/html5course/2/slides/index.html (21.32 KB)
in 11ms
---------------------------
watching 18 files
[17:31:20]
wrote /Applications/MAMP/htdocs/html5course/2/slides/index.html (21.47 KB)
in 11ms
---------------------------
watching 18 files
[17:32:59]
wrote /Applications/MAMP/htdocs/html5course/2/slides/index.html (21.75 KB)
in 6ms
---------------------------
watching 18 files
[17:33:11]
wrote /Applications/MAMP/htdocs/html5course/2/slides/index.html (21.46 KB)
in 12ms
---------------------------
watching 18 files
[17:33:19]
wrote /Applications/MAMP/htdocs/html5course/2/slides/index.html (21.49 KB)
in 11ms
---------------------------
watching 18 files
[17:33:21]
wrote /Applications/MAMP/htdocs/html5course/2/slides/index.html (21.49 KB)
in 10ms
---------------------------
watching 18 files
[17:33:48]
wrote /Applications/MAMP/htdocs/html5course/2/slides/index.html (21.49 KB)
in 10ms
---------------------------
watching 18 files
[17:34:52]
wrote /Applications/MAMP/htdocs/html5course/2/slides/index.html (21.49 KB)
in 11ms
---------------------------
watching 18 files
[17:34:56]
wrote /Applications/MAMP/htdocs/html5course/2/slides/index.html (21.52 KB)
in 12ms
---------------------------
watching 18 files
[17:37:41]
wrote /Applications/MAMP/htdocs/html5course/2/slides/index.html (21.54 KB)
in 11ms
---------------------------
watching 18 files
[17:37:43]
wrote /Applications/MAMP/htdocs/html5course/2/slides/index.html (21.54 KB)
in 10ms
---------------------------
watching 18 files
[17:37:58]
wrote /Applications/MAMP/htdocs/html5course/2/slides/index.html (21.54 KB)
in 10ms
---------------------------
watching 18 files
[17:38:2]
wrote /Applications/MAMP/htdocs/html5course/2/slides/index.html (21.54 KB)
in 10ms
---------------------------
watching 18 files
[17:38:28]
wrote /Applications/MAMP/htdocs/html5course/2/slides/index.html (21.55 KB)
in 9ms
---------------------------
watching 18 files
[17:38:30]
wrote /Applications/MAMP/htdocs/html5course/2/slides/index.html (21.55 KB)
in 12ms
---------------------------
watching 18 files
[17:38:49]
wrote /Applications/MAMP/htdocs/html5course/2/slides/index.html (21.55 KB)
in 10ms
---------------------------
watching 18 files
[17:39:4]
wrote /Applications/MAMP/htdocs/html5course/2/slides/index.html (21.55 KB)
in 9ms
---------------------------
watching 18 files
[17:39:29]
wrote /Applications/MAMP/htdocs/html5course/2/slides/index.html (21.56 KB)
in 10ms
---------------------------
watching 18 files
[17:39:30]
wrote /Applications/MAMP/htdocs/html5course/2/slides/index.html (21.56 KB)
in 10ms
---------------------------
watching 18 files
[17:39:45]
wrote /Applications/MAMP/htdocs/html5course/2/slides/index.html (21.56 KB)
in 10ms
---------------------------
watching 18 files
[17:39:57]
wrote /Applications/MAMP/htdocs/html5course/2/slides/index.html (21.56 KB)
in 10ms
---------------------------
watching 18 files
[17:40:17]
wrote /Applications/MAMP/htdocs/html5course/2/slides/index.html (21.56 KB)
in 10ms
---------------------------
watching 18 files
[17:40:41]
wrote /Applications/MAMP/htdocs/html5course/2/slides/index.html (21.56 KB)
in 12ms
---------------------------
watching 18 files
[17:40:56]
wrote /Applications/MAMP/htdocs/html5course/2/slides/index.html (21.57 KB)
in 11ms
---------------------------
watching 18 files
[17:45:4]
wrote /Applications/MAMP/htdocs/html5course/2/slides/index.html (21.57 KB)
in 6ms
---------------------------
watching 18 files
[17:45:20]
wrote /Applications/MAMP/htdocs/html5course/2/slides/index.html (21.58 KB)
in 9ms
---------------------------
watching 19 files
[17:46:37]
wrote /Applications/MAMP/htdocs/html5course/2/slides/index.html (21.98 KB)
in 10ms
---------------------------
watching 19 files
[17:49:15]
wrote /Applications/MAMP/htdocs/html5course/2/slides/index.html (21.88 KB)
in 29ms
---------------------------
watching 19 files
[17:50:5]
wrote /Applications/MAMP/htdocs/html5course/2/slides/index.html (21.83 KB)
in 6ms
---------------------------
watching 19 files
[17:50:10]
wrote /Applications/MAMP/htdocs/html5course/2/slides/index.html (21.83 KB)
in 11ms
---------------------------
watching 19 files
[17:53:3]
wrote /Applications/MAMP/htdocs/html5course/2/slides/index.html (21.83 KB)
in 9ms
---------------------------
watching 19 files
[17:53:14]
wrote /Applications/MAMP/htdocs/html5course/2/slides/index.html (21.83 KB)
in 12ms
---------------------------
watching 19 files
[17:53:35]
wrote /Applications/MAMP/htdocs/html5course/2/slides/index.html (21.83 KB)
in 11ms
---------------------------
watching 19 files
[17:58:58]
wrote /Applications/MAMP/htdocs/html5course/2/slides/index.html (21.83 KB)
in 26ms
---------------------------
watching 19 files
[17:59:15]
wrote /Applications/MAMP/htdocs/html5course/2/slides/index.html (21.83 KB)
in 10ms
---------------------------
watching 19 files
[18:1:21]
wrote /Applications/MAMP/htdocs/html5course/2/slides/index.html (21.90 KB)
in 10ms
---------------------------
watching 19 files
[18:1:31]
wrote /Applications/MAMP/htdocs/html5course/2/slides/index.html (21.90 KB)
in 12ms
---------------------------
watching 19 files
ENDED @ 18:02:58 
=====================================================
STARTED @ 22:16:06
[INFO] No /Applications/MAMP/htdocs/html5course/2/slides/build/vars.json file found
malta v.1.0.10
[22:16:6]
wrote /Applications/MAMP/htdocs/html5course/2/slides/index.html (21.91 KB)
in 10ms
---------------------------
watching 19 files
[WARNING] missing file /Applications/MAMP/htdocs/html5course/2/slides/build/slides/repo.html
[22:19:10]
wrote /Applications/MAMP/htdocs/html5course/2/slides/index.html (21.93 KB)
in 7ms
---------------------------
watching 19 files
[22:20:20]
wrote /Applications/MAMP/htdocs/html5course/2/slides/index.html (22.21 KB)
in 8ms
---------------------------
watching 20 files
[22:21:58]
wrote /Applications/MAMP/htdocs/html5course/2/slides/index.html (22.21 KB)
in 13ms
---------------------------
watching 20 files
[22:22:3]
wrote /Applications/MAMP/htdocs/html5course/2/slides/index.html (22.21 KB)
in 12ms
---------------------------
watching 20 files
[22:22:21]
wrote /Applications/MAMP/htdocs/html5course/2/slides/index.html (22.21 KB)
in 13ms
---------------------------
watching 20 files
[22:40:30]
wrote /Applications/MAMP/htdocs/html5course/2/slides/index.html (22.21 KB)
in 28ms
---------------------------
watching 20 files
[22:41:12]
wrote /Applications/MAMP/htdocs/html5course/2/slides/index.html (22.30 KB)
in 12ms
---------------------------
watching 20 files
[22:41:37]
wrote /Applications/MAMP/htdocs/html5course/2/slides/index.html (22.33 KB)
in 10ms
---------------------------
watching 20 files
[22:52:42]
wrote /Applications/MAMP/htdocs/html5course/2/slides/index.html (22.48 KB)
in 11ms
---------------------------
watching 20 files
[22:59:45]
wrote /Applications/MAMP/htdocs/html5course/2/slides/index.html (22.57 KB)
in 13ms
---------------------------
watching 20 files
[23:0:24]
wrote /Applications/MAMP/htdocs/html5course/2/slides/index.html (22.62 KB)
in 10ms
---------------------------
watching 20 files
[23:1:14]
wrote /Applications/MAMP/htdocs/html5course/2/slides/index.html (22.84 KB)
in 15ms
---------------------------
watching 20 files
[23:1:26]
wrote /Applications/MAMP/htdocs/html5course/2/slides/index.html (22.84 KB)
in 11ms
---------------------------
watching 20 files
[23:1:41]
wrote /Applications/MAMP/htdocs/html5course/2/slides/index.html (22.88 KB)
in 11ms
---------------------------
watching 20 files
[23:2:50]
wrote /Applications/MAMP/htdocs/html5course/2/slides/index.html (23.00 KB)
in 10ms
---------------------------
watching 20 files
[23:3:37]
wrote /Applications/MAMP/htdocs/html5course/2/slides/index.html (22.93 KB)
in 12ms
---------------------------
watching 20 files
[23:4:28]
wrote /Applications/MAMP/htdocs/html5course/2/slides/index.html (22.94 KB)
in 12ms
---------------------------
watching 20 files
[23:4:51]
wrote /Applications/MAMP/htdocs/html5course/2/slides/index.html (22.94 KB)
in 12ms
---------------------------
watching 20 files
[23:4:59]
wrote /Applications/MAMP/htdocs/html5course/2/slides/index.html (22.94 KB)
in 13ms
---------------------------
watching 20 files
[23:5:2]
wrote /Applications/MAMP/htdocs/html5course/2/slides/index.html (22.94 KB)
in 11ms
---------------------------
watching 20 files
[23:5:3]
wrote /Applications/MAMP/htdocs/html5course/2/slides/index.html (22.94 KB)
in 10ms
---------------------------
watching 20 files
[23:5:9]
wrote /Applications/MAMP/htdocs/html5course/2/slides/index.html (22.94 KB)
in 14ms
---------------------------
watching 20 files
[23:5:15]
wrote /Applications/MAMP/htdocs/html5course/2/slides/index.html (22.94 KB)
in 11ms
---------------------------
watching 20 files
[23:5:54]
wrote /Applications/MAMP/htdocs/html5course/2/slides/index.html (22.97 KB)
in 10ms
---------------------------
watching 20 files
[23:6:6]
wrote /Applications/MAMP/htdocs/html5course/2/slides/index.html (22.97 KB)
in 11ms
---------------------------
watching 20 files
[23:7:50]
wrote /Applications/MAMP/htdocs/html5course/2/slides/index.html (22.97 KB)
in 6ms
---------------------------
watching 20 files
[23:8:30]
wrote /Applications/MAMP/htdocs/html5course/2/slides/index.html (22.98 KB)
in 10ms
---------------------------
watching 20 files
[23:8:49]
wrote /Applications/MAMP/htdocs/html5course/2/slides/index.html (22.97 KB)
in 11ms
---------------------------
watching 20 files
[23:9:14]
wrote /Applications/MAMP/htdocs/html5course/2/slides/index.html (22.97 KB)
in 12ms
---------------------------
watching 20 files
[23:9:26]
wrote /Applications/MAMP/htdocs/html5course/2/slides/index.html (22.97 KB)
in 11ms
---------------------------
watching 20 files
[23:9:54]
wrote /Applications/MAMP/htdocs/html5course/2/slides/index.html (22.97 KB)
in 9ms
---------------------------
watching 20 files
[WARNING] missing file /Applications/MAMP/htdocs/html5course/2/slides/build/slides/tags/5date.html
[23:9:57]
wrote /Applications/MAMP/htdocs/html5course/2/slides/index.html (21.88 KB)
in 9ms
---------------------------
watching 19 files
[WARNING] missing file /Applications/MAMP/htdocs/html5course/2/slides/build/slides/tags/6datetime.html
[23:10:13]
wrote /Applications/MAMP/htdocs/html5course/2/slides/index.html (21.87 KB)
in 11ms
---------------------------
watching 19 files
[WARNING] missing file /Applications/MAMP/htdocs/html5course/2/slides/build/slides/tags/6datetime.html
[WARNING] missing file /Applications/MAMP/htdocs/html5course/2/slides/build/slides/tags/7datetime-local.html
[23:10:32]
wrote /Applications/MAMP/htdocs/html5course/2/slides/index.html (20.74 KB)
in 8ms
---------------------------
watching 18 files
[WARNING] missing file /Applications/MAMP/htdocs/html5course/2/slides/build/slides/tags/8email.html
[23:10:51]
wrote /Applications/MAMP/htdocs/html5course/2/slides/index.html (21.88 KB)
in 9ms
---------------------------
watching 19 files
[WARNING] missing file /Applications/MAMP/htdocs/html5course/2/slides/build/slides/tags/9month.html
[23:11:6]
wrote /Applications/MAMP/htdocs/html5course/2/slides/index.html (21.88 KB)
in 9ms
---------------------------
watching 19 files
[WARNING] missing file /Applications/MAMP/htdocs/html5course/2/slides/build/slides/tags/10number.html
[WARNING] missing file /Applications/MAMP/htdocs/html5course/2/slides/build/slides/tags/11range.html
[WARNING] missing file /Applications/MAMP/htdocs/html5course/2/slides/build/slides/tags/12search.html
[WARNING] missing file /Applications/MAMP/htdocs/html5course/2/slides/build/slides/tags/13tel.html
[WARNING] missing file /Applications/MAMP/htdocs/html5course/2/slides/build/slides/tags/14time.html
[WARNING] missing file /Applications/MAMP/htdocs/html5course/2/slides/build/slides/tags/15url.html
[WARNING] missing file /Applications/MAMP/htdocs/html5course/2/slides/build/slides/tags/16week.html
[WARNING] missing file /Applications/MAMP/htdocs/html5course/2/slides/build/slides/17outro_tag_list.html
[23:11:31]
wrote /Applications/MAMP/htdocs/html5course/2/slides/index.html (13.89 KB)
in 9ms
---------------------------
watching 12 files
[WARNING] missing file /Applications/MAMP/htdocs/html5course/2/slides/build/slides/17outro_tag_list.html
[23:14:20]
wrote /Applications/MAMP/htdocs/html5course/2/slides/index.html (21.91 KB)
in 10ms
---------------------------
watching 19 files
[23:16:20]
wrote /Applications/MAMP/htdocs/html5course/2/slides/index.html (22.97 KB)
in 6ms
---------------------------
watching 20 files
[23:17:8]
wrote /Applications/MAMP/htdocs/html5course/2/slides/index.html (23.00 KB)
in 7ms
---------------------------
watching 20 files
[23:21:29]
wrote /Applications/MAMP/htdocs/html5course/2/slides/index.html (23.01 KB)
in 11ms
---------------------------
watching 21 files
[23:22:26]
wrote /Applications/MAMP/htdocs/html5course/2/slides/index.html (26.38 KB)
in 11ms
---------------------------
watching 24 files
[23:24:54]
wrote /Applications/MAMP/htdocs/html5course/2/slides/index.html (28.58 KB)
in 9ms
---------------------------
watching 24 files
[23:25:17]
wrote /Applications/MAMP/htdocs/html5course/2/slides/index.html (28.36 KB)
in 15ms
---------------------------
watching 24 files
[23:26:11]
wrote /Applications/MAMP/htdocs/html5course/2/slides/index.html (28.44 KB)
in 14ms
---------------------------
watching 24 files
[23:26:14]
wrote /Applications/MAMP/htdocs/html5course/2/slides/index.html (28.42 KB)
in 12ms
---------------------------
watching 24 files
[23:27:8]
wrote /Applications/MAMP/htdocs/html5course/2/slides/index.html (28.36 KB)
in 13ms
---------------------------
watching 24 files
[23:28:38]
wrote /Applications/MAMP/htdocs/html5course/2/slides/index.html (28.04 KB)
in 14ms
---------------------------
watching 24 files
[23:34:56]
wrote /Applications/MAMP/htdocs/html5course/2/slides/index.html (28.07 KB)
in 12ms
---------------------------
watching 24 files
[23:35:4]
wrote /Applications/MAMP/htdocs/html5course/2/slides/index.html (28.07 KB)
in 12ms
---------------------------
watching 24 files
[23:35:40]
wrote /Applications/MAMP/htdocs/html5course/2/slides/index.html (27.91 KB)
in 11ms
---------------------------
watching 24 files
[23:35:42]
wrote /Applications/MAMP/htdocs/html5course/2/slides/index.html (27.91 KB)
in 12ms
---------------------------
watching 24 files
[23:36:28]
wrote /Applications/MAMP/htdocs/html5course/2/slides/index.html (27.90 KB)
in 13ms
---------------------------
watching 24 files
[23:36:32]
wrote /Applications/MAMP/htdocs/html5course/2/slides/index.html (27.90 KB)
in 14ms
---------------------------
watching 24 files
[23:38:48]
wrote /Applications/MAMP/htdocs/html5course/2/slides/index.html (27.90 KB)
in 9ms
---------------------------
watching 24 files
[23:38:57]
wrote /Applications/MAMP/htdocs/html5course/2/slides/index.html (27.90 KB)
in 8ms
---------------------------
watching 24 files
[23:40:20]
wrote /Applications/MAMP/htdocs/html5course/2/slides/index.html (27.89 KB)
in 15ms
---------------------------
watching 24 files
[23:41:49]
wrote /Applications/MAMP/htdocs/html5course/2/slides/index.html (27.97 KB)
in 14ms
---------------------------
watching 24 files
[23:42:8]
wrote /Applications/MAMP/htdocs/html5course/2/slides/index.html (28.02 KB)
in 11ms
---------------------------
watching 24 files
[23:42:30]
wrote /Applications/MAMP/htdocs/html5course/2/slides/index.html (28.03 KB)
in 8ms
---------------------------
watching 24 files
[23:42:53]
wrote /Applications/MAMP/htdocs/html5course/2/slides/index.html (28.02 KB)
in 13ms
---------------------------
watching 24 files
[23:43:35]
wrote /Applications/MAMP/htdocs/html5course/2/slides/index.html (28.04 KB)
in 10ms
---------------------------
watching 24 files
[23:43:55]
wrote /Applications/MAMP/htdocs/html5course/2/slides/index.html (28.05 KB)
in 12ms
---------------------------
watching 24 files
[23:45:35]
wrote /Applications/MAMP/htdocs/html5course/2/slides/index.html (28.16 KB)
in 18ms
---------------------------
watching 24 files
[23:47:8]
wrote /Applications/MAMP/htdocs/html5course/2/slides/index.html (27.82 KB)
in 19ms
---------------------------
watching 24 files
[23:47:28]
wrote /Applications/MAMP/htdocs/html5course/2/slides/index.html (28.07 KB)
in 11ms
---------------------------
watching 24 files
[23:47:56]
wrote /Applications/MAMP/htdocs/html5course/2/slides/index.html (28.01 KB)
in 15ms
---------------------------
watching 24 files
[23:47:58]
wrote /Applications/MAMP/htdocs/html5course/2/slides/index.html (28.00 KB)
in 11ms
---------------------------
watching 24 files
[23:48:4]
wrote /Applications/MAMP/htdocs/html5course/2/slides/index.html (28.15 KB)
in 15ms
---------------------------
watching 24 files
[23:50:9]
wrote /Applications/MAMP/htdocs/html5course/2/slides/index.html (28.19 KB)
in 9ms
---------------------------
watching 24 files
[23:51:55]
wrote /Applications/MAMP/htdocs/html5course/2/slides/index.html (28.23 KB)
in 7ms
---------------------------
watching 24 files
[23:51:57]
wrote /Applications/MAMP/htdocs/html5course/2/slides/index.html (28.23 KB)
in 19ms
---------------------------
watching 24 files
[23:53:8]
wrote /Applications/MAMP/htdocs/html5course/2/slides/index.html (28.23 KB)
in 14ms
---------------------------
watching 24 files
[WARNING] missing file /Applications/MAMP/htdocs/html5course/2/slides/build/slides/19fonts_svg.html
[WARNING] missing file /Applications/MAMP/htdocs/html5course/2/slides/build/slides/20fonts_woff.html
[23:55:34]
wrote /Applications/MAMP/htdocs/html5course/2/slides/index.html (28.30 KB)
in 12ms
---------------------------
watching 24 files
[23:56:25]
wrote /Applications/MAMP/htdocs/html5course/2/slides/index.html (28.26 KB)
in 12ms
---------------------------
watching 26 files
[WARNING] missing file /Applications/MAMP/htdocs/html5course/2/slides/build/slides/21fonts_compat.html
[23:57:6]
wrote /Applications/MAMP/htdocs/html5course/2/slides/index.html (28.29 KB)
in 12ms
---------------------------
watching 26 files
[23:57:41]
wrote /Applications/MAMP/htdocs/html5course/2/slides/index.html (30.13 KB)
in 15ms
---------------------------
watching 27 files
[23:57:57]
wrote /Applications/MAMP/htdocs/html5course/2/slides/index.html (30.14 KB)
in 16ms
---------------------------
watching 27 files
[23:58:48]
wrote /Applications/MAMP/htdocs/html5course/2/slides/index.html (30.53 KB)
in 17ms
---------------------------
watching 27 files
[0:0:36]
wrote /Applications/MAMP/htdocs/html5course/2/slides/index.html (30.55 KB)
in 18ms
---------------------------
watching 27 files
[0:0:39]
wrote /Applications/MAMP/htdocs/html5course/2/slides/index.html (30.55 KB)
in 14ms
---------------------------
watching 27 files
[0:0:59]
wrote /Applications/MAMP/htdocs/html5course/2/slides/index.html (30.55 KB)
in 17ms
---------------------------
watching 27 files
[0:1:9]
wrote /Applications/MAMP/htdocs/html5course/2/slides/index.html (30.56 KB)
in 14ms
---------------------------
watching 27 files
[0:1:21]
wrote /Applications/MAMP/htdocs/html5course/2/slides/index.html (30.58 KB)
in 13ms
---------------------------
watching 27 files
[0:2:13]
wrote /Applications/MAMP/htdocs/html5course/2/slides/index.html (30.73 KB)
in 12ms
---------------------------
watching 27 files
[0:5:34]
wrote /Applications/MAMP/htdocs/html5course/2/slides/index.html (30.80 KB)
in 13ms
---------------------------
watching 27 files
[0:7:3]
wrote /Applications/MAMP/htdocs/html5course/2/slides/index.html (32.61 KB)
in 13ms
---------------------------
watching 27 files
[0:7:25]
wrote /Applications/MAMP/htdocs/html5course/2/slides/index.html (32.62 KB)
in 15ms
---------------------------
watching 27 files
[0:8:31]
wrote /Applications/MAMP/htdocs/html5course/2/slides/index.html (32.66 KB)
in 14ms
---------------------------
watching 27 files
[0:8:41]
wrote /Applications/MAMP/htdocs/html5course/2/slides/index.html (32.66 KB)
in 17ms
---------------------------
watching 27 files
[0:8:53]
wrote /Applications/MAMP/htdocs/html5course/2/slides/index.html (32.66 KB)
in 13ms
---------------------------
watching 27 files
[0:9:24]
wrote /Applications/MAMP/htdocs/html5course/2/slides/index.html (32.61 KB)
in 12ms
---------------------------
watching 27 files
[0:9:40]
wrote /Applications/MAMP/htdocs/html5course/2/slides/index.html (32.61 KB)
in 16ms
---------------------------
watching 27 files
[0:10:16]
wrote /Applications/MAMP/htdocs/html5course/2/slides/index.html (32.61 KB)
in 12ms
---------------------------
watching 27 files
[0:11:4]
wrote /Applications/MAMP/htdocs/html5course/2/slides/index.html (32.59 KB)
in 14ms
---------------------------
watching 27 files
[0:11:23]
wrote /Applications/MAMP/htdocs/html5course/2/slides/index.html (32.59 KB)
in 10ms
---------------------------
watching 27 files
[0:12:29]
wrote /Applications/MAMP/htdocs/html5course/2/slides/index.html (32.61 KB)
in 13ms
---------------------------
watching 27 files
[0:12:34]
wrote /Applications/MAMP/htdocs/html5course/2/slides/index.html (32.64 KB)
in 11ms
---------------------------
watching 27 files
[0:13:19]
wrote /Applications/MAMP/htdocs/html5course/2/slides/index.html (32.64 KB)
in 9ms
---------------------------
watching 27 files
[0:14:29]
wrote /Applications/MAMP/htdocs/html5course/2/slides/index.html (32.63 KB)
in 10ms
---------------------------
watching 27 files
[0:15:20]
wrote /Applications/MAMP/htdocs/html5course/2/slides/index.html (32.64 KB)
in 8ms
---------------------------
watching 27 files
[0:16:50]
wrote /Applications/MAMP/htdocs/html5course/2/slides/index.html (32.59 KB)
in 40ms
---------------------------
watching 27 files
[0:16:54]
wrote /Applications/MAMP/htdocs/html5course/2/slides/index.html (32.59 KB)
in 18ms
---------------------------
watching 27 files
[0:24:52]
wrote /Applications/MAMP/htdocs/html5course/2/slides/index.html (32.59 KB)
in 24ms
---------------------------
watching 27 files
[0:26:1]
wrote /Applications/MAMP/htdocs/html5course/2/slides/index.html (32.59 KB)
in 15ms
---------------------------
watching 27 files
[0:26:3]
wrote /Applications/MAMP/htdocs/html5course/2/slides/index.html (32.59 KB)
in 14ms
---------------------------
watching 27 files
[0:26:18]
wrote /Applications/MAMP/htdocs/html5course/2/slides/index.html (32.86 KB)
in 24ms
---------------------------
watching 28 files
[0:27:5]
wrote /Applications/MAMP/htdocs/html5course/2/slides/index.html (32.83 KB)
in 16ms
---------------------------
watching 28 files
[0:28:50]
wrote /Applications/MAMP/htdocs/html5course/2/slides/index.html (32.83 KB)
in 13ms
---------------------------
watching 28 files
[0:28:55]
wrote /Applications/MAMP/htdocs/html5course/2/slides/index.html (32.83 KB)
in 13ms
---------------------------
watching 28 files
[0:29:5]
wrote /Applications/MAMP/htdocs/html5course/2/slides/index.html (32.83 KB)
in 13ms
---------------------------
watching 28 files
[0:44:47]
wrote /Applications/MAMP/htdocs/html5course/2/slides/index.html (32.76 KB)
in 37ms
---------------------------
watching 28 files
[0:44:58]
wrote /Applications/MAMP/htdocs/html5course/2/slides/index.html (32.76 KB)
in 12ms
---------------------------
watching 28 files
[0:46:45]
wrote /Applications/MAMP/htdocs/html5course/2/slides/index.html (32.79 KB)
in 34ms
---------------------------
watching 28 files
[0:50:0]
wrote /Applications/MAMP/htdocs/html5course/2/slides/index.html (32.79 KB)
in 27ms
---------------------------
watching 28 files
[0:50:47]
wrote /Applications/MAMP/htdocs/html5course/2/slides/index.html (32.83 KB)
in 12ms
---------------------------
watching 28 files
[0:52:36]
wrote /Applications/MAMP/htdocs/html5course/2/slides/index.html (32.85 KB)
in 20ms
---------------------------
watching 28 files
[0:59:41]
wrote /Applications/MAMP/htdocs/html5course/2/slides/index.html (32.85 KB)
in 12ms
---------------------------
watching 28 files
[1:0:2]
wrote /Applications/MAMP/htdocs/html5course/2/slides/index.html (32.86 KB)
in 8ms
---------------------------
watching 28 files
[1:0:20]
wrote /Applications/MAMP/htdocs/html5course/2/slides/index.html (32.86 KB)
in 16ms
---------------------------
watching 28 files
[1:0:23]
wrote /Applications/MAMP/htdocs/html5course/2/slides/index.html (32.85 KB)
in 16ms
---------------------------
watching 28 files
[1:0:27]
wrote /Applications/MAMP/htdocs/html5course/2/slides/index.html (32.84 KB)
in 13ms
---------------------------
watching 28 files
[1:5:5]
wrote /Applications/MAMP/htdocs/html5course/2/slides/index.html (33.53 KB)
in 11ms
---------------------------
watching 28 files
[1:5:12]
wrote /Applications/MAMP/htdocs/html5course/2/slides/index.html (33.50 KB)
in 18ms
---------------------------
watching 28 files
[1:5:23]
wrote /Applications/MAMP/htdocs/html5course/2/slides/index.html (33.50 KB)
in 18ms
---------------------------
watching 28 files
[1:5:38]
wrote /Applications/MAMP/htdocs/html5course/2/slides/index.html (33.50 KB)
in 13ms
---------------------------
watching 28 files
[1:5:41]
wrote /Applications/MAMP/htdocs/html5course/2/slides/index.html (33.50 KB)
in 13ms
---------------------------
watching 28 files
[1:6:6]
wrote /Applications/MAMP/htdocs/html5course/2/slides/index.html (33.49 KB)
in 18ms
---------------------------
watching 28 files
[1:7:18]
wrote /Applications/MAMP/htdocs/html5course/2/slides/index.html (33.20 KB)
in 17ms
---------------------------
watching 28 files
[1:7:29]
wrote /Applications/MAMP/htdocs/html5course/2/slides/index.html (33.81 KB)
in 18ms
---------------------------
watching 28 files
[1:8:8]
wrote /Applications/MAMP/htdocs/html5course/2/slides/index.html (33.51 KB)
in 19ms
---------------------------
watching 28 files
[1:8:44]
wrote /Applications/MAMP/htdocs/html5course/2/slides/index.html (33.53 KB)
in 17ms
---------------------------
watching 28 files
[1:8:46]
wrote /Applications/MAMP/htdocs/html5course/2/slides/index.html (33.53 KB)
in 15ms
---------------------------
watching 28 files
[1:8:51]
wrote /Applications/MAMP/htdocs/html5course/2/slides/index.html (33.53 KB)
in 16ms
---------------------------
watching 28 files
[1:9:36]
wrote /Applications/MAMP/htdocs/html5course/2/slides/index.html (33.53 KB)
in 22ms
---------------------------
watching 28 files
[1:10:6]
wrote /Applications/MAMP/htdocs/html5course/2/slides/index.html (29.63 KB)
in 11ms
---------------------------
watching 25 files
[WARNING] missing file /Applications/MAMP/htdocs/html5course/2/slides/build/slides/19fonts_ttf.html
[1:10:28]
wrote /Applications/MAMP/htdocs/html5course/2/slides/index.html (29.66 KB)
in 12ms
---------------------------
watching 25 files
[WARNING] missing file /Applications/MAMP/htdocs/html5course/2/slides/build/slides/19fonts.html
[1:10:31]
wrote /Applications/MAMP/htdocs/html5course/2/slides/index.html (29.66 KB)
in 12ms
---------------------------
watching 25 files
[WARNING] missing file /Applications/MAMP/htdocs/html5course/2/slides/build/slides/19fonts_code.html
[1:10:34]
wrote /Applications/MAMP/htdocs/html5course/2/slides/index.html (29.67 KB)
in 11ms
---------------------------
watching 25 files
[WARNING] missing file /Applications/MAMP/htdocs/html5course/2/slides/build/slides/19fonts_code.html
[1:10:58]
wrote /Applications/MAMP/htdocs/html5course/2/slides/index.html (29.67 KB)
in 14ms
---------------------------
watching 25 files
[WARNING] missing file /Applications/MAMP/htdocs/html5course/2/slides/build/slides/19fonts_code.html
[1:11:53]
wrote /Applications/MAMP/htdocs/html5course/2/slides/index.html (29.67 KB)
in 12ms
---------------------------
watching 25 files
[1:13:26]
wrote /Applications/MAMP/htdocs/html5course/2/slides/index.html (29.43 KB)
in 9ms
---------------------------
watching 25 files
[1:15:11]
wrote /Applications/MAMP/htdocs/html5course/2/slides/index.html (29.42 KB)
in 16ms
---------------------------
watching 25 files
[1:15:18]
wrote /Applications/MAMP/htdocs/html5course/2/slides/index.html (26.04 KB)
in 11ms
---------------------------
watching 22 files
[1:25:27]
wrote /Applications/MAMP/htdocs/html5course/2/slides/index.html (25.83 KB)
in 28ms
---------------------------
watching 22 files
[1:25:28]
wrote /Applications/MAMP/htdocs/html5course/2/slides/index.html (25.82 KB)
in 11ms
---------------------------
watching 22 files
[1:28:8]
wrote /Applications/MAMP/htdocs/html5course/2/slides/index.html (25.82 KB)
in 12ms
---------------------------
watching 22 files
[1:28:18]
wrote /Applications/MAMP/htdocs/html5course/2/slides/index.html (25.82 KB)
in 11ms
---------------------------
watching 22 files
[1:28:50]
wrote /Applications/MAMP/htdocs/html5course/2/slides/index.html (25.82 KB)
in 11ms
---------------------------
watching 22 files
[1:28:54]
wrote /Applications/MAMP/htdocs/html5course/2/slides/index.html (25.82 KB)
in 11ms
---------------------------
watching 22 files
[1:28:55]
wrote /Applications/MAMP/htdocs/html5course/2/slides/index.html (25.82 KB)
in 23ms
---------------------------
watching 22 files
[WARNING] missing file /Applications/MAMP/htdocs/html5course/2/slides/build/slides/20fonts_links.html
[1:29:13]
wrote /Applications/MAMP/htdocs/html5course/2/slides/index.html (25.86 KB)
in 12ms
---------------------------
watching 22 files
[1:29:43]
wrote /Applications/MAMP/htdocs/html5course/2/slides/index.html (28.57 KB)
in 14ms
---------------------------
watching 24 files
[1:32:30]
wrote /Applications/MAMP/htdocs/html5course/2/slides/index.html (28.58 KB)
in 21ms
---------------------------
watching 24 files
[1:32:56]
wrote /Applications/MAMP/htdocs/html5course/2/slides/index.html (28.58 KB)
in 13ms
---------------------------
watching 24 files
[1:33:12]
wrote /Applications/MAMP/htdocs/html5course/2/slides/index.html (28.58 KB)
in 27ms
---------------------------
watching 24 files
[1:33:28]
wrote /Applications/MAMP/htdocs/html5course/2/slides/index.html (28.58 KB)
in 18ms
---------------------------
watching 24 files
[1:33:40]
wrote /Applications/MAMP/htdocs/html5course/2/slides/index.html (28.59 KB)
in 12ms
---------------------------
watching 24 files
[1:33:46]
wrote /Applications/MAMP/htdocs/html5course/2/slides/index.html (28.60 KB)
in 14ms
---------------------------
watching 24 files
[1:33:48]
wrote /Applications/MAMP/htdocs/html5course/2/slides/index.html (28.60 KB)
in 16ms
---------------------------
watching 24 files
[1:34:24]
wrote /Applications/MAMP/htdocs/html5course/2/slides/index.html (28.63 KB)
in 34ms
---------------------------
watching 24 files
[1:34:31]
wrote /Applications/MAMP/htdocs/html5course/2/slides/index.html (28.63 KB)
in 11ms
---------------------------
watching 24 files
[1:34:35]
wrote /Applications/MAMP/htdocs/html5course/2/slides/index.html (28.63 KB)
in 14ms
---------------------------
watching 24 files
[1:34:57]
wrote /Applications/MAMP/htdocs/html5course/2/slides/index.html (28.60 KB)
in 13ms
---------------------------
watching 24 files
[1:35:31]
wrote /Applications/MAMP/htdocs/html5course/2/slides/index.html (28.60 KB)
in 12ms
---------------------------
watching 24 files
[1:36:16]
wrote /Applications/MAMP/htdocs/html5course/2/slides/index.html (28.60 KB)
in 14ms
---------------------------
watching 24 files
